<?xml version="1.0" encoding="UTF-8"?>
<coverage generated="1606190634823" clover="3.2.0">
  <project timestamp="1606190634823" name="All files">
    <metrics statements="17" coveredstatements="15" conditionals="2" coveredconditionals="1" methods="2" coveredmethods="1" elements="21" coveredelements="17" complexity="0" loc="17" ncloc="17" packages="1" files="1" classes="1"/>
    <file name="index.js" path="/Users/trungnguyen/Desktop/training/aws-training/practice-one/lambda/index.js">
      <metrics statements="17" coveredstatements="15" conditionals="2" coveredconditionals="1" methods="2" coveredmethods="1"/>
      <line num="3" count="1" type="stmt"/>
      <line num="4" count="1" type="stmt"/>
      <line num="7" count="1" type="stmt"/>
      <line num="9" count="1" type="stmt"/>
      <line num="10" count="1" type="stmt"/>
      <line num="11" count="1" type="stmt"/>
      <line num="13" count="1" type="cond" truecount="1" falsecount="1"/>
      <line num="14" count="0" type="stmt"/>
      <line num="15" count="0" type="stmt"/>
      <line num="18" count="1" type="stmt"/>
      <line num="20" count="1" type="stmt"/>
      <line num="58" count="1" type="stmt"/>
      <line num="59" count="1" type="stmt"/>
      <line num="60" count="1" type="stmt"/>
      <line num="63" count="1" type="stmt"/>
      <line num="64" count="1" type="stmt"/>
      <line num="68" count="1" type="stmt"/>
    </file>
  </project>
</coverage>
