{"/Users/trungnguyen/Desktop/training/aws-training/practice-one/lambda/index.js": {"path":"/Users/trungnguyen/Desktop/training/aws-training/practice-one/lambda/index.js","statementMap":{"0":{"start":{"line":3,"column":12},"end":{"line":3,"column":30}},"1":{"start":{"line":4,"column":11},"end":{"line":6,"column":2}},"2":{"start":{"line":7,"column":14},"end":{"line":7,"column":30}},"3":{"start":{"line":9,"column":15},"end":{"line":9,"column":33}},"4":{"start":{"line":10,"column":12},"end":{"line":10,"column":27}},"5":{"start":{"line":11,"column":27},"end":{"line":11,"column":36}},"6":{"start":{"line":13,"column":0},"end":{"line":16,"column":1}},"7":{"start":{"line":14,"column":21},"end":{"line":14,"column":68}},"8":{"start":{"line":15,"column":2},"end":{"line":15,"column":71}},"9":{"start":{"line":15,"column":36},"end":{"line":15,"column":69}},"10":{"start":{"line":18,"column":11},"end":{"line":18,"column":24}},"11":{"start":{"line":20,"column":0},"end":{"line":69,"column":2}},"12":{"start":{"line":58,"column":18},"end":{"line":58,"column":25}},"13":{"start":{"line":59,"column":2},"end":{"line":59,"column":40}},"14":{"start":{"line":60,"column":2},"end":{"line":60,"column":41}},"15":{"start":{"line":63,"column":21},"end":{"line":63,"column":66}},"16":{"start":{"line":64,"column":21},"end":{"line":64,"column":68}},"17":{"start":{"line":68,"column":2},"end":{"line":68,"column":50}}},"fnMap":{"0":{"name":"(anonymous_0)","decl":{"start":{"line":15,"column":21},"end":{"line":15,"column":22}},"loc":{"start":{"line":15,"column":36},"end":{"line":15,"column":69}},"line":15},"1":{"name":"(anonymous_1)","decl":{"start":{"line":20,"column":18},"end":{"line":20,"column":19}},"loc":{"start":{"line":20,"column":54},"end":{"line":69,"column":1}},"line":20}},"branchMap":{"0":{"loc":{"start":{"line":13,"column":0},"end":{"line":16,"column":1}},"type":"if","locations":[{"start":{"line":13,"column":0},"end":{"line":16,"column":1}},{"start":{"line":13,"column":0},"end":{"line":16,"column":1}}],"line":13}},"s":{"0":1,"1":1,"2":1,"3":1,"4":1,"5":1,"6":1,"7":0,"8":0,"9":0,"10":1,"11":1,"12":1,"13":1,"14":1,"15":1,"16":1,"17":1},"f":{"0":0,"1":1},"b":{"0":[0,1]},"_coverageSchema":"1a1c01bbd47fc00a2c39e90264f33305004495a9","hash":"b343c48d0ba535b2b72b4fe29ec03b045c340cf1"}
}
